{"contracts/TemperatureOracle.sol":{"l":{"40":3,"41":1,"42":1,"46":20,"47":18,"51":5,"52":3,"53":1,"62":1,"63":1,"64":1,"65":1,"66":1,"70":3,"71":1,"75":1,"79":1,"83":2,"84":2,"90":4,"91":2,"92":2,"93":1,"95":2,"99":1,"103":1,"107":1,"111":1},"path":"/home/mx/Dev/terra0/temp_nft/temperature-nft/contracts/TemperatureOracle.sol","s":{"1":3,"2":1,"3":20,"4":5,"5":3,"6":1,"7":1,"8":1,"9":1,"10":1,"11":3,"12":1,"13":1,"14":1,"15":2,"16":2,"17":4,"18":2,"19":2,"20":1,"21":2,"22":1,"23":1,"24":1,"25":1},"b":{"1":[1,2],"2":[18,2],"3":[3,2],"4":[1,2],"5":[1,2],"6":[2,2],"7":[1,1]},"f":{"1":3,"2":20,"3":5,"4":1,"5":3,"6":1,"7":1,"8":2,"9":4,"10":1,"11":1,"12":1,"13":1},"fnMap":{"1":{"name":"initializer","line":39,"loc":{"start":{"line":39,"column":4},"end":{"line":43,"column":4}}},"2":{"name":"protected","line":45,"loc":{"start":{"line":45,"column":4},"end":{"line":48,"column":4}}},"3":{"name":"canBurn","line":50,"loc":{"start":{"line":50,"column":4},"end":{"line":54,"column":4}}},"4":{"name":"initialize","line":61,"loc":{"start":{"line":56,"column":4},"end":{"line":67,"column":4}}},"5":{"name":"setBurnableSafe","line":69,"loc":{"start":{"line":69,"column":4},"end":{"line":72,"column":4}}},"6":{"name":"setIPFSDocker","line":74,"loc":{"start":{"line":74,"column":4},"end":{"line":76,"column":4}}},"7":{"name":"setOAddress","line":78,"loc":{"start":{"line":78,"column":4},"end":{"line":80,"column":4}}},"8":{"name":"getTemperature","line":82,"loc":{"start":{"line":82,"column":4},"end":{"line":85,"column":4}}},"9":{"name":"_callback","line":89,"loc":{"start":{"line":87,"column":4},"end":{"line":96,"column":4}}},"10":{"name":"burn","line":98,"loc":{"start":{"line":98,"column":4},"end":{"line":100,"column":4}}},"11":{"name":"isBurnableIPFS","line":102,"loc":{"start":{"line":102,"column":4},"end":{"line":104,"column":4}}},"12":{"name":"isBurnableSafe","line":106,"loc":{"start":{"line":106,"column":4},"end":{"line":108,"column":4}}},"13":{"name":"_setBurnableIPFS","line":110,"loc":{"start":{"line":110,"column":4},"end":{"line":112,"column":4}}}},"statementMap":{"1":{"start":{"line":40,"column":8},"end":{"line":40,"column":60}},"2":{"start":{"line":41,"column":8},"end":{"line":41,"column":25}},"3":{"start":{"line":46,"column":8},"end":{"line":46,"column":55}},"4":{"start":{"line":51,"column":8},"end":{"line":51,"column":114}},"5":{"start":{"line":52,"column":8},"end":{"line":52,"column":107}},"6":{"start":{"line":62,"column":8},"end":{"line":62,"column":43}},"7":{"start":{"line":63,"column":8},"end":{"line":63,"column":35}},"8":{"start":{"line":64,"column":8},"end":{"line":64,"column":37}},"9":{"start":{"line":65,"column":8},"end":{"line":65,"column":37}},"10":{"start":{"line":66,"column":8},"end":{"line":66,"column":23}},"11":{"start":{"line":70,"column":8},"end":{"line":70,"column":75}},"12":{"start":{"line":71,"column":8},"end":{"line":71,"column":35}},"13":{"start":{"line":75,"column":8},"end":{"line":75,"column":28}},"14":{"start":{"line":79,"column":8},"end":{"line":79,"column":30}},"15":{"start":{"line":83,"column":8},"end":{"line":83,"column":29}},"16":{"start":{"line":84,"column":8},"end":{"line":84,"column":41}},"17":{"start":{"line":90,"column":8},"end":{"line":90,"column":61}},"18":{"start":{"line":91,"column":8},"end":{"line":91,"column":51}},"19":{"start":{"line":92,"column":8},"end":{"line":92,"column":3033}},"20":{"start":{"line":93,"column":12},"end":{"line":93,"column":33}},"21":{"start":{"line":95,"column":8},"end":{"line":95,"column":66}},"22":{"start":{"line":99,"column":8},"end":{"line":99,"column":38}},"23":{"start":{"line":103,"column":8},"end":{"line":103,"column":26}},"24":{"start":{"line":107,"column":8},"end":{"line":107,"column":32}},"25":{"start":{"line":111,"column":8},"end":{"line":111,"column":29}}},"branchMap":{"1":{"line":40,"type":"if","locations":[{"start":{"line":40,"column":8},"end":{"line":40,"column":8}},{"start":{"line":40,"column":8},"end":{"line":40,"column":8}}]},"2":{"line":46,"type":"if","locations":[{"start":{"line":46,"column":8},"end":{"line":46,"column":8}},{"start":{"line":46,"column":8},"end":{"line":46,"column":8}}]},"3":{"line":51,"type":"if","locations":[{"start":{"line":51,"column":8},"end":{"line":51,"column":8}},{"start":{"line":51,"column":8},"end":{"line":51,"column":8}}]},"4":{"line":52,"type":"if","locations":[{"start":{"line":52,"column":8},"end":{"line":52,"column":8}},{"start":{"line":52,"column":8},"end":{"line":52,"column":8}}]},"5":{"line":70,"type":"if","locations":[{"start":{"line":70,"column":8},"end":{"line":70,"column":8}},{"start":{"line":70,"column":8},"end":{"line":70,"column":8}}]},"6":{"line":90,"type":"if","locations":[{"start":{"line":90,"column":8},"end":{"line":90,"column":8}},{"start":{"line":90,"column":8},"end":{"line":90,"column":8}}]},"7":{"line":92,"type":"if","locations":[{"start":{"line":92,"column":8},"end":{"line":92,"column":8}},{"start":{"line":92,"column":8},"end":{"line":92,"column":8}}]}}},"contracts/TemperatureToken.sol":{"l":{"30":5,"31":1,"38":2,"39":2,"43":3,"47":1,"48":1,"52":1,"56":1,"60":2},"path":"/home/mx/Dev/terra0/temp_nft/temperature-nft/contracts/TemperatureToken.sol","s":{"1":5,"2":2,"3":2,"4":3,"5":1,"6":1,"7":1,"8":1,"9":2},"b":{"1":[1,4]},"f":{"1":5,"2":2,"3":3,"4":1,"5":1,"6":1,"7":2},"fnMap":{"1":{"name":"onlyOracle","line":29,"loc":{"start":{"line":29,"column":4},"end":{"line":32,"column":4}}},"2":{"name":"constructor","line":37,"loc":{"start":{"line":34,"column":4},"end":{"line":40,"column":4}}},"3":{"name":"mint","line":42,"loc":{"start":{"line":42,"column":4},"end":{"line":44,"column":4}}},"4":{"name":"burn","line":46,"loc":{"start":{"line":46,"column":4},"end":{"line":49,"column":4}}},"5":{"name":"updateTempOracle","line":51,"loc":{"start":{"line":51,"column":4},"end":{"line":53,"column":4}}},"6":{"name":"updateMetadata","line":55,"loc":{"start":{"line":55,"column":4},"end":{"line":57,"column":4}}},"7":{"name":"tokenURI","line":59,"loc":{"start":{"line":59,"column":4},"end":{"line":61,"column":4}}}},"statementMap":{"1":{"start":{"line":30,"column":8},"end":{"line":30,"column":89}},"2":{"start":{"line":38,"column":8},"end":{"line":38,"column":27}},"3":{"start":{"line":39,"column":8},"end":{"line":39,"column":45}},"4":{"start":{"line":43,"column":8},"end":{"line":43,"column":36}},"5":{"start":{"line":47,"column":8},"end":{"line":47,"column":22}},"6":{"start":{"line":48,"column":8},"end":{"line":48,"column":34}},"7":{"start":{"line":52,"column":8},"end":{"line":52,"column":45}},"8":{"start":{"line":56,"column":8},"end":{"line":56,"column":27}},"9":{"start":{"line":60,"column":8},"end":{"line":60,"column":52}}},"branchMap":{"1":{"line":30,"type":"if","locations":[{"start":{"line":30,"column":8},"end":{"line":30,"column":8}},{"start":{"line":30,"column":8},"end":{"line":30,"column":8}}]}}}}